[debug] [2025-02-10T09:45:02.771Z] ----------------------------------------------------------------------
[debug] [2025-02-10T09:45:02.776Z] Command:       C:\Program Files\nodejs\node.exe C:\Users\jospi\AppData\Roaming\npm\node_modules\firebase-tools\lib\bin\firebase.js deploy
[debug] [2025-02-10T09:45:02.778Z] CLI Version:   13.27.0
[debug] [2025-02-10T09:45:02.778Z] Platform:      win32
[debug] [2025-02-10T09:45:02.779Z] Node Version:  v20.13.1
[debug] [2025-02-10T09:45:02.779Z] Time:          Mon Feb 10 2025 11:45:02 GMT+0200 (heure normale d’Afrique méridionale)
[debug] [2025-02-10T09:45:02.779Z] ----------------------------------------------------------------------
[debug] 
[debug] [2025-02-10T09:45:02.905Z] > command requires scopes: ["email","openid","https://www.googleapis.com/auth/cloudplatformprojects.readonly","https://www.googleapis.com/auth/firebase","https://www.googleapis.com/auth/cloud-platform"]
[debug] [2025-02-10T09:45:02.905Z] > authorizing via signed-in user (jospinndagano1@gmail.com)
[debug] [2025-02-10T09:45:02.906Z] [iam] checking project bgmultiservices-781c8 for permissions ["firebase.projects.get","firebasehosting.sites.update"]
[debug] [2025-02-10T09:45:02.908Z] Checked if tokens are valid: true, expires at: 1739181949688
[debug] [2025-02-10T09:45:02.908Z] Checked if tokens are valid: true, expires at: 1739181949688
[debug] [2025-02-10T09:45:02.910Z] >>> [apiv2][query] POST https://cloudresourcemanager.googleapis.com/v1/projects/bgmultiservices-781c8:testIamPermissions [none]
[debug] [2025-02-10T09:45:02.911Z] >>> [apiv2][(partial)header] POST https://cloudresourcemanager.googleapis.com/v1/projects/bgmultiservices-781c8:testIamPermissions x-goog-quota-user=projects/bgmultiservices-781c8
[debug] [2025-02-10T09:45:02.911Z] >>> [apiv2][body] POST https://cloudresourcemanager.googleapis.com/v1/projects/bgmultiservices-781c8:testIamPermissions {"permissions":["firebase.projects.get","firebasehosting.sites.update"]}
[debug] [2025-02-10T09:45:04.987Z] <<< [apiv2][status] POST https://cloudresourcemanager.googleapis.com/v1/projects/bgmultiservices-781c8:testIamPermissions 200
[debug] [2025-02-10T09:45:04.987Z] <<< [apiv2][body] POST https://cloudresourcemanager.googleapis.com/v1/projects/bgmultiservices-781c8:testIamPermissions {"permissions":["firebase.projects.get","firebasehosting.sites.update"]}
[debug] [2025-02-10T09:45:04.988Z] Checked if tokens are valid: true, expires at: 1739181949688
[debug] [2025-02-10T09:45:04.988Z] Checked if tokens are valid: true, expires at: 1739181949688
[debug] [2025-02-10T09:45:04.989Z] >>> [apiv2][query] GET https://firebase.googleapis.com/v1beta1/projects/bgmultiservices-781c8 [none]
[debug] [2025-02-10T09:45:09.260Z] <<< [apiv2][status] GET https://firebase.googleapis.com/v1beta1/projects/bgmultiservices-781c8 200
[debug] [2025-02-10T09:45:09.261Z] <<< [apiv2][body] GET https://firebase.googleapis.com/v1beta1/projects/bgmultiservices-781c8 {"projectId":"bgmultiservices-781c8","projectNumber":"749311417727","displayName":"bgmultiservices","name":"projects/bgmultiservices-781c8","resources":{"hostingSite":"bgmultiservices-781c8"},"state":"ACTIVE","etag":"1_ad99e103-99c4-4f2b-9ae1-b20621b4c371"}
[debug] [2025-02-10T09:45:13.787Z] defaultcredentials: writing to file C:\Users\jospi\AppData\Roaming\firebase\jospinndagano1_gmail_com_application_default_credentials.json
[debug] [2025-02-10T09:45:13.790Z] Checked if tokens are valid: true, expires at: 1739181949688
[debug] [2025-02-10T09:45:13.790Z] Checked if tokens are valid: true, expires at: 1739181949688
[debug] [2025-02-10T09:45:13.791Z] >>> [apiv2][query] GET https://firebasehosting.googleapis.com/v1beta1/projects/bgmultiservices-781c8/sites pageToken=&pageSize=10
[debug] [2025-02-10T09:45:21.703Z] <<< [apiv2][status] GET https://firebasehosting.googleapis.com/v1beta1/projects/bgmultiservices-781c8/sites 200
[debug] [2025-02-10T09:45:21.704Z] <<< [apiv2][body] GET https://firebasehosting.googleapis.com/v1beta1/projects/bgmultiservices-781c8/sites {"sites":[{"name":"projects/bgmultiservices-781c8/sites/bgmultiservices-781c8","defaultUrl":"https://bgmultiservices-781c8.web.app","type":"DEFAULT_SITE"}]}
[debug] [2025-02-10T09:45:21.705Z] Checked if tokens are valid: true, expires at: 1739181949688
[debug] [2025-02-10T09:45:21.706Z] Checked if tokens are valid: true, expires at: 1739181949688
[debug] [2025-02-10T09:45:21.706Z] >>> [apiv2][query] GET https://firebasehosting.googleapis.com/v1beta1/projects/bgmultiservices-781c8/sites 
[debug] [2025-02-10T09:45:23.805Z] <<< [apiv2][status] GET https://firebasehosting.googleapis.com/v1beta1/projects/bgmultiservices-781c8/sites 200
[debug] [2025-02-10T09:45:23.805Z] <<< [apiv2][body] GET https://firebasehosting.googleapis.com/v1beta1/projects/bgmultiservices-781c8/sites {"sites":[{"name":"projects/bgmultiservices-781c8/sites/bgmultiservices-781c8","defaultUrl":"https://bgmultiservices-781c8.web.app","type":"DEFAULT_SITE"}]}
[debug] [2025-02-10T09:45:23.806Z] Checked if tokens are valid: true, expires at: 1739181949688
[debug] [2025-02-10T09:45:23.806Z] Checked if tokens are valid: true, expires at: 1739181949688
[debug] [2025-02-10T09:45:23.807Z] >>> [apiv2][query] GET https://firebase.googleapis.com/v1beta1/projects/bgmultiservices-781c8/webApps/-/config [none]
[debug] [2025-02-10T09:45:25.698Z] <<< [apiv2][status] GET https://firebase.googleapis.com/v1beta1/projects/bgmultiservices-781c8/webApps/-/config 200
[debug] [2025-02-10T09:45:25.698Z] <<< [apiv2][body] GET https://firebase.googleapis.com/v1beta1/projects/bgmultiservices-781c8/webApps/-/config {"projectId":"bgmultiservices-781c8","appId":"1:749311417727:web:3ea8698ba8ac3ac7ac8e4a","storageBucket":"bgmultiservices-781c8.firebasestorage.app","apiKey":"AIzaSyASZSWBGwPJYuQDRi1GObaNtrccuaBfu70","authDomain":"bgmultiservices-781c8.firebaseapp.com","messagingSenderId":"749311417727"}
[info] 
   Thank you for trying our early preview of Next.js support on Firebase Hosting.
   During the preview, support is best-effort and breaking changes can be expected. Proceed with caution.
   The integration is known to work with Next.js version 12 - 15.0. You may encounter errors.

   Documentation: https://firebase.google.com/docs/hosting/frameworks/nextjs
   File a bug: https://github.com/firebase/firebase-tools/issues/new?template=bug_report.md
   Submit a feature request: https://github.com/firebase/firebase-tools/issues/new?template=feature_request.md

   We'd love to learn from you. Express your interest in helping us shape the future of Firebase Hosting: https://goo.gle/41enW5X

[debug] [2025-02-10T09:45:38.475Z] Checked if tokens are valid: true, expires at: 1739181949688
[debug] [2025-02-10T09:45:38.476Z] Checked if tokens are valid: true, expires at: 1739181949688
[debug] [2025-02-10T09:45:38.476Z] >>> [apiv2][query] GET https://firebasehosting.googleapis.com/v1beta1/projects/bgmultiservices-781c8/sites/bgmultiservices-781c8 [none]
[debug] [2025-02-10T09:45:40.615Z] <<< [apiv2][status] GET https://firebasehosting.googleapis.com/v1beta1/projects/bgmultiservices-781c8/sites/bgmultiservices-781c8 200
[debug] [2025-02-10T09:45:40.615Z] <<< [apiv2][body] GET https://firebasehosting.googleapis.com/v1beta1/projects/bgmultiservices-781c8/sites/bgmultiservices-781c8 {"name":"projects/bgmultiservices-781c8/sites/bgmultiservices-781c8","defaultUrl":"https://bgmultiservices-781c8.web.app","type":"DEFAULT_SITE"}
[info]    ▲ Next.js 15.1.6

[info] 

[info]    Creating an optimized production build ...

[info]  ✓ Compiled successfully

[info]    Linting and checking validity of types ...

[info] 

[info]  ⚠ The Next.js plugin was not detected in your ESLint configuration. See https://nextjs.org/docs/app/api-reference/config/eslint#migrating-existing-config

[info]    Collecting page data ...

[info]    Generating static pages (0/10) ...

[info]    Generating static pages (2/10) 

[info]    Generating static pages (4/10) 
   Generating static pages (7/10) 

[info]  ✓ Generating static pages (10/10)

[info]    Finalizing page optimization ...

[info]    Collecting build traces ...

[info]    Exporting (0/3) ...

[info]  ✓ Exporting (3/3)

[info] 

[info] Route (app)                              Size     First Load JS
┌ ○ /                                    69.2 kB         295 kB
├ ○ /_not-found                          986 B           107 kB
├ ○ /account                             2.65 kB         222 kB
├ ○ /connexion                           1.68 kB         221 kB
├ ○ /impressions                         5.31 kB         225 kB
├ ○ /products                            2.74 kB         222 kB
└ ○ /sales                               127 kB          346 kB
+ First Load JS shared by all            106 kB
  ├ chunks/4bd1b696-e52a1e7b7d29c4e2.js  53 kB
  ├ chunks/517-00c82f4e175e567d.js       50.8 kB
  └ other shared chunks (total)          2.09 kB


[info] 
○  (Static)  prerendered as static content


[debug] [2025-02-10T09:46:47.129Z] [web frameworks] effective firebase.json:  {
  "hosting": [
    {
      "source": ".",
      "ignore": [
        "firebase.json",
        "**/.*",
        "**/node_modules/**"
      ],
      "frameworksBackend": {
        "region": "europe-west1"
      },
      "site": "bgmultiservices-781c8",
      "rewrites": [],
      "redirects": [],
      "headers": [
        {
          "source": "/_not-found",
          "headers": [
            {
              "key": "x-nextjs-stale-time",
              "value": "4294967294"
            },
            {
              "key": "x-nextjs-prerender",
              "value": "1"
            },
            {
              "key": "x-next-cache-tags",
              "value": "_N_T_/layout,_N_T_/_not-found/layout,_N_T_/_not-found/page,_N_T_/_not-found"
            }
          ]
        },
        {
          "source": "/favicon.ico",
          "headers": [
            {
              "key": "cache-control",
              "value": "public, max-age=0, must-revalidate"
            },
            {
              "key": "content-type",
              "value": "image/x-icon"
            },
            {
              "key": "x-next-cache-tags",
              "value": "_N_T_/layout,_N_T_/favicon.ico/layout,_N_T_/favicon.ico/route,_N_T_/favicon.ico"
            }
          ]
        },
        {
          "source": "/connexion",
          "headers": [
            {
              "key": "x-nextjs-stale-time",
              "value": "4294967294"
            },
            {
              "key": "x-nextjs-prerender",
              "value": "1"
            },
            {
              "key": "x-next-cache-tags",
              "value": "_N_T_/layout,_N_T_/connexion/layout,_N_T_/connexion/page,_N_T_/connexion"
            }
          ]
        },
        {
          "source": "/products",
          "headers": [
            {
              "key": "x-nextjs-stale-time",
              "value": "4294967294"
            },
            {
              "key": "x-nextjs-prerender",
              "value": "1"
            },
            {
              "key": "x-next-cache-tags",
              "value": "_N_T_/layout,_N_T_/products/layout,_N_T_/products/page,_N_T_/products"
            }
          ]
        },
        {
          "source": "/sales",
          "headers": [
            {
              "key": "x-nextjs-stale-time",
              "value": "4294967294"
            },
            {
              "key": "x-nextjs-prerender",
              "value": "1"
            },
            {
              "key": "x-next-cache-tags",
              "value": "_N_T_/layout,_N_T_/sales/layout,_N_T_/sales/page,_N_T_/sales"
            }
          ]
        },
        {
          "source": "/impressions",
          "headers": [
            {
              "key": "x-nextjs-stale-time",
              "value": "4294967294"
            },
            {
              "key": "x-nextjs-prerender",
              "value": "1"
            },
            {
              "key": "x-next-cache-tags",
              "value": "_N_T_/layout,_N_T_/impressions/layout,_N_T_/impressions/page,_N_T_/impressions"
            }
          ]
        },
        {
          "source": "/account",
          "headers": [
            {
              "key": "x-nextjs-stale-time",
              "value": "4294967294"
            },
            {
              "key": "x-nextjs-prerender",
              "value": "1"
            },
            {
              "key": "x-next-cache-tags",
              "value": "_N_T_/layout,_N_T_/account/layout,_N_T_/account/page,_N_T_/account"
            }
          ]
        },
        {
          "source": "/**/*.[jt]s",
          "headers": [
            {
              "key": "Set-Cookie",
              "value": "__FIREBASE_DEFAULTS__=eyJjb25maWciOnsicHJvamVjdElkIjoiYmdtdWx0aXNlcnZpY2VzLTc4MWM4IiwiYXBwSWQiOiIxOjc0OTMxMTQxNzcyNzp3ZWI6M2VhODY5OGJhOGFjM2FjN2FjOGU0YSIsInN0b3JhZ2VCdWNrZXQiOiJiZ211bHRpc2VydmljZXMtNzgxYzguZmlyZWJhc2VzdG9yYWdlLmFwcCIsImFwaUtleSI6IkFJemFTeUFTWlNXQkd3UEpZdVFEUmkxR09iYU50cmNjdWFCZnU3MCIsImF1dGhEb21haW4iOiJiZ211bHRpc2VydmljZXMtNzgxYzguZmlyZWJhc2VhcHAuY29tIiwibWVzc2FnaW5nU2VuZGVySWQiOiI3NDkzMTE0MTc3MjcifX0; SameSite=Strict; Expires=2027-01-05T20:26:47.129Z; Path=/;"
            }
          ]
        }
      ],
      "cleanUrls": true,
      "trailingSlash": false,
      "public": ".firebase\\bgmultiservices-781c8\\hosting",
      "webFramework": "next"
    }
  ]
}
[info] 
[info] === Deploying to 'bgmultiservices-781c8'...
[info] 
[info] i  deploying hosting 
[debug] [2025-02-10T09:46:47.141Z] Checked if tokens are valid: true, expires at: 1739181949688
[debug] [2025-02-10T09:46:47.141Z] Checked if tokens are valid: true, expires at: 1739181949688
[debug] [2025-02-10T09:46:47.142Z] >>> [apiv2][query] POST https://firebasehosting.googleapis.com/v1beta1/projects/-/sites/bgmultiservices-781c8/versions [none]
[debug] [2025-02-10T09:46:47.142Z] >>> [apiv2][body] POST https://firebasehosting.googleapis.com/v1beta1/projects/-/sites/bgmultiservices-781c8/versions {"status":"CREATED","labels":{"deployment-tool":"cli-firebase","firebase-web-framework":"next"}}
[debug] [2025-02-10T09:47:07.775Z] *** [apiv2] error from fetch(https://firebasehosting.googleapis.com/v1beta1/projects/-/sites/bgmultiservices-781c8/versions, {"headers":{},"method":"POST","body":"{\"status\":\"CREATED\",\"labels\":{\"deployment-tool\":\"cli-firebase\",\"firebase-web-framework\":\"next\"}}"}): FetchError: request to https://firebasehosting.googleapis.com/v1beta1/projects/-/sites/bgmultiservices-781c8/versions failed, reason: read ECONNRESET
[debug] [2025-02-10T09:47:12.802Z] Error: Timed out.
    at Timeout._onTimeout (C:\Users\jospi\AppData\Roaming\npm\node_modules\firebase-tools\lib\utils.js:269:49)
    at listOnTimeout (node:internal/timers:573:17)
    at process.processTimers (node:internal/timers:514:7)
[error] 
[error] Error: An unexpected error has occurred.
